INFO:root:Input: Καλημέρα, Intent: αγνωστη_πρόθεση, Response: Δεν κατάλαβα την ερώτησή σου. Δοκίμασε: "καλημέρα", "φεύγω", "δημιουργήσω δράση", "βοηθήσω οικονομικά".
INFO:root:Input: Θέλω να δημιουργήσω μια δράση, Intent: δημιουργία_κοινωνικής_δράσης, Response: Για να δημιουργήσεις μια κοινωνική δράση στην εφαρμογή: 1. Πήγαινε στην ενότητα 'Δράσεις'. 2. Πάτησε 'Δημιουργία Νέας Δράσης'. 3. Συμπλήρωσε τις λεπτομέρειες (τίτλος, περιγραφή, ημερομηνία, τοποθεσία).
INFO:root:Input: Πως μπορω να βοηθήσω οικονομικα, Intent: αγνωστη_πρόθεση, Response: Δεν κατάλαβα την ερώτησή σου. Δοκίμασε: "γεια", "τα λέμε", "ξεκινάω μια δραστηριότητα", "δωρεά χρημάτων".
INFO:root:Input: δωρεά χρημάτων, Intent: αγνωστη_πρόθεση, Response: Δεν κατάλαβα την ερώτησή σου. Δοκίμασε: "καλησπέρα", "bye", "δημιουργήσω δράση", "δωρεά χρημάτων".
INFO:root:Input: ΞΞ±Ξ»Ξ·ΞΌΞ­ΟΞ±, Cleaned: ΞΊΞ±Ξ»Ξ·ΞΌΞ­ΟΞ±, Probabilities: [0.16811436 0.20716443 0.23203226 0.39268895], Max Prob: 0.39268895193690667, Predicted Intent: Ο‡Ξ±ΞΉΟΞµΟ„ΞΉΟƒΞΌΟΟ‚
INFO:root:Input: ΞΞ±Ξ»Ξ·ΞΌΞ­ΟΞ±, Intent: Ο‡Ξ±ΞΉΟΞµΟ„ΞΉΟƒΞΌΟΟ‚, Response: ΞΞ±Ξ»Ξ·ΞΌΞ­ΟΞ±!
INFO:root:Input: ΞΞ­Ξ»Ο‰ Ξ½Ξ± ΞΊΞ¬Ξ½Ο‰ ΞΌΞΉΞ± Ξ΄Ο‰ΟΞµΞ¬, Cleaned: ΞΈΞ­Ξ»Ο‰ ΞΊΞ¬Ξ½Ο‰ Ξ΄Ο‰ΟΞµΞ¬, Probabilities: [0.1629676  0.1904833  0.45833986 0.18820924], Max Prob: 0.45833985570725977, Predicted Intent: Ξ΄Ο‰ΟΞµΞ±_Ο‡ΟΞ·ΞΌΞ¬Ο„Ο‰Ξ½
INFO:root:Input: ΞΞ­Ξ»Ο‰ Ξ½Ξ± ΞΊΞ¬Ξ½Ο‰ ΞΌΞΉΞ± Ξ΄Ο‰ΟΞµΞ¬, Intent: Ξ΄Ο‰ΟΞµΞ±_Ο‡ΟΞ·ΞΌΞ¬Ο„Ο‰Ξ½, Response: Ξ“ΞΉΞ± Ξ½Ξ± Ξ΄Ο‰ΟΞ―ΟƒΞµΞΉΟ‚ Ο‡ΟΞ®ΞΌΞ±Ο„Ξ±, Ο€Ξ®Ξ³Ξ±ΞΉΞ½Ξµ ΟƒΟ„Ξ·Ξ½ ΞµΞ½ΟΟ„Ξ·Ο„Ξ± 'Ξ”Ο‰ΟΞµΞ­Ο‚' ΞΊΞ±ΞΉ Ξ±ΞΊΞΏΞ»ΞΏΟΞΈΞ·ΟƒΞµ Ο„ΞΉΟ‚ ΞΏΞ΄Ξ·Ξ³Ξ―ΞµΟ‚.
INFO:root:Input: Ξ Ο‰Ο‚ ΞΌΟ€ΞΏΟΟ‰ Ξ½Ξ± Ξ΄Ξ·ΞΌΞΉΞΏΟ…ΟΞ³Ξ®ΟƒΟ‰ ΞΌΞΉΞ± ΞΊΞΏΞΉΞ½Ο‰Ξ½ΞΉΞΊΞ® Ξ΄ΟΞ¬ΟƒΞ·, Cleaned: ΞΌΟ€ΞΏΟΟ‰ Ξ΄Ξ·ΞΌΞΉΞΏΟ…ΟΞ³Ξ®Ξ¶Ο‰ ΞΊΞΏΞΉΞ½Ο‰Ξ½ΞΉΞΊΟΟ‚ Ξ΄ΟΞ¬ΟƒΞ·, Probabilities: [0.11911228 0.59632882 0.14808545 0.13647344], Max Prob: 0.5963288241188056, Predicted Intent: Ξ΄Ξ·ΞΌΞΉΞΏΟ…ΟΞ³Ξ―Ξ±_ΞΊΞΏΞΉΞ½Ο‰Ξ½ΞΉΞΊΞ®Ο‚_Ξ΄ΟΞ¬ΟƒΞ·Ο‚
INFO:root:Input: Ξ Ο‰Ο‚ ΞΌΟ€ΞΏΟΟ‰ Ξ½Ξ± Ξ΄Ξ·ΞΌΞΉΞΏΟ…ΟΞ³Ξ®ΟƒΟ‰ ΞΌΞΉΞ± ΞΊΞΏΞΉΞ½Ο‰Ξ½ΞΉΞΊΞ® Ξ΄ΟΞ¬ΟƒΞ·, Intent: Ξ΄Ξ·ΞΌΞΉΞΏΟ…ΟΞ³Ξ―Ξ±_ΞΊΞΏΞΉΞ½Ο‰Ξ½ΞΉΞΊΞ®Ο‚_Ξ΄ΟΞ¬ΟƒΞ·Ο‚, Response: Ξ“ΞΉΞ± Ξ½Ξ± Ξ΄Ξ·ΞΌΞΉΞΏΟ…ΟΞ³Ξ®ΟƒΞµΞΉΟ‚ ΞΌΞΉΞ± ΞΊΞΏΞΉΞ½Ο‰Ξ½ΞΉΞΊΞ® Ξ΄ΟΞ¬ΟƒΞ· ΟƒΟ„Ξ·Ξ½ ΞµΟ†Ξ±ΟΞΌΞΏΞ³Ξ®: 1. Ξ Ξ®Ξ³Ξ±ΞΉΞ½Ξµ ΟƒΟ„Ξ·Ξ½ ΞµΞ½ΟΟ„Ξ·Ο„Ξ± 'Ξ”ΟΞ¬ΟƒΞµΞΉΟ‚'. 2. Ξ Ξ¬Ο„Ξ·ΟƒΞµ 'Ξ”Ξ·ΞΌΞΉΞΏΟ…ΟΞ³Ξ―Ξ± ΞΞ­Ξ±Ο‚ Ξ”ΟΞ¬ΟƒΞ·Ο‚'. 3. Ξ£Ο…ΞΌΟ€Ξ»Ξ®ΟΟ‰ΟƒΞµ Ο„ΞΉΟ‚ Ξ»ΞµΟ€Ο„ΞΏΞΌΞ­ΟΞµΞΉΞµΟ‚ (Ο„Ξ―Ο„Ξ»ΞΏΟ‚, Ο€ΞµΟΞΉΞ³ΟΞ±Ο†Ξ®, Ξ·ΞΌΞµΟΞΏΞΌΞ·Ξ½Ξ―Ξ±, Ο„ΞΏΟ€ΞΏΞΈΞµΟƒΞ―Ξ±).
INFO:root:Input: Ξ‘Ξ½Ο„Ξ―ΞΏ, Cleaned: Ξ±Ξ½Ο„Ξ―ΞΏ, Probabilities: [0.34599624 0.2131826  0.23877284 0.20204832], Max Prob: 0.34599623726940754, Predicted Intent: Ξ±Ο€ΞΏΟ‡Ξ±ΞΉΟΞµΟ„ΞΉΟƒΞΌΟΟ‚
INFO:root:Input: Ξ‘Ξ½Ο„Ξ―ΞΏ, Intent: Ξ±Ο€ΞΏΟ‡Ξ±ΞΉΟΞµΟ„ΞΉΟƒΞΌΟΟ‚, Response: Ξ¤Ξ± Ξ»Ξ­ΞΌΞµ ΟƒΟΞ½Ο„ΞΏΞΌΞ±!
INFO:root:Input: ΞΞ¬Ο„ΞΉ Ξ¬ΞΊΟ…ΟΞΏ, Cleaned: Ξ¬ΞΊΟ…ΟΞΏΟ‚, Probabilities: [0.19230769 0.26923077 0.30769231 0.23076923], Max Prob: 0.30769230769230765, Predicted Intent: Ξ΄Ο‰ΟΞµΞ±_Ο‡ΟΞ·ΞΌΞ¬Ο„Ο‰Ξ½
INFO:root:Input: ΞΞ¬Ο„ΞΉ Ξ¬ΞΊΟ…ΟΞΏ, Intent: Ξ΄Ο‰ΟΞµΞ±_Ο‡ΟΞ·ΞΌΞ¬Ο„Ο‰Ξ½, Response: Ξ“ΞΉΞ± Ξ½Ξ± Ξ΄Ο‰ΟΞ―ΟƒΞµΞΉΟ‚ Ο‡ΟΞ®ΞΌΞ±Ο„Ξ±, Ο€Ξ®Ξ³Ξ±ΞΉΞ½Ξµ ΟƒΟ„Ξ·Ξ½ ΞµΞ½ΟΟ„Ξ·Ο„Ξ± 'Ξ”Ο‰ΟΞµΞ­Ο‚' ΞΊΞ±ΞΉ Ξ±ΞΊΞΏΞ»ΞΏΟΞΈΞ·ΟƒΞµ Ο„ΞΉΟ‚ ΞΏΞ΄Ξ·Ξ³Ξ―ΞµΟ‚.
INFO:root:Input: Ο„ΞΉ ΞΊΞ±ΞΉΟΞΏ Ξ­Ο‡ΞµΞΉ, Cleaned: ΞΊΞ±ΞΉΟΞΏ, Probabilities: [0.19230769 0.26923077 0.30769231 0.23076923], Max Prob: 0.30769230769230765, Predicted Intent: Ξ΄Ο‰ΟΞµΞ±_Ο‡ΟΞ·ΞΌΞ¬Ο„Ο‰Ξ½
INFO:root:Input: Ο„ΞΉ ΞΊΞ±ΞΉΟΞΏ Ξ­Ο‡ΞµΞΉ, Intent: Ξ΄Ο‰ΟΞµΞ±_Ο‡ΟΞ·ΞΌΞ¬Ο„Ο‰Ξ½, Response: Ξ“ΞΉΞ± Ξ½Ξ± Ξ΄Ο‰ΟΞ―ΟƒΞµΞΉΟ‚ Ο‡ΟΞ®ΞΌΞ±Ο„Ξ±, Ο€Ξ®Ξ³Ξ±ΞΉΞ½Ξµ ΟƒΟ„Ξ·Ξ½ ΞµΞ½ΟΟ„Ξ·Ο„Ξ± 'Ξ”Ο‰ΟΞµΞ­Ο‚' ΞΊΞ±ΞΉ Ξ±ΞΊΞΏΞ»ΞΏΟΞΈΞ·ΟƒΞµ Ο„ΞΉΟ‚ ΞΏΞ΄Ξ·Ξ³Ξ―ΞµΟ‚.
INFO:root:Input: Ο„ΞΉ Ο‰ΟΞ± ΞµΞΉΞ½ΞΉΞ±, Cleaned: Ο‰ΟΞ± ΞµΞΉΞ½ΞΉ, Probabilities: [0.19230769 0.26923077 0.30769231 0.23076923], Max Prob: 0.30769230769230765, Predicted Intent: Ξ΄Ο‰ΟΞµΞ±_Ο‡ΟΞ·ΞΌΞ¬Ο„Ο‰Ξ½
INFO:root:Input: Ο„ΞΉ Ο‰ΟΞ± ΞµΞΉΞ½ΞΉΞ±, Intent: Ξ΄Ο‰ΟΞµΞ±_Ο‡ΟΞ·ΞΌΞ¬Ο„Ο‰Ξ½, Response: Ξ“ΞΉΞ± Ξ½Ξ± Ξ΄Ο‰ΟΞ―ΟƒΞµΞΉΟ‚ Ο‡ΟΞ®ΞΌΞ±Ο„Ξ±, Ο€Ξ®Ξ³Ξ±ΞΉΞ½Ξµ ΟƒΟ„Ξ·Ξ½ ΞµΞ½ΟΟ„Ξ·Ο„Ξ± 'Ξ”Ο‰ΟΞµΞ­Ο‚' ΞΊΞ±ΞΉ Ξ±ΞΊΞΏΞ»ΞΏΟΞΈΞ·ΟƒΞµ Ο„ΞΉΟ‚ ΞΏΞ΄Ξ·Ξ³Ξ―ΞµΟ‚.
INFO:root:Input: ΞΞ±Ξ»Ξ·ΞΌΞ­ΟΞ±, Cleaned: ΞΊΞ±Ξ»Ξ·ΞΌΞ­ΟΞ±, Probabilities: [0.17548341 0.19340512 0.22103443 0.41007703], Max Prob: 0.41007703191322115, Predicted Intent: Ο‡Ξ±ΞΉΟΞµΟ„ΞΉΟƒΞΌΟΟ‚
INFO:root:Input: ΞΞ±Ξ»Ξ·ΞΌΞ­ΟΞ±, Intent: Ο‡Ξ±ΞΉΟΞµΟ„ΞΉΟƒΞΌΟΟ‚, Response: Ξ“ΞµΞΉΞ± ΟƒΞΏΟ…!
INFO:root:Input: Ξ Ο‰Ο‚ ΞΌΟ€ΞΏΟΟ‰ Ξ½Ξ± ΞΊΞ±Ξ½Ο‰ ΞΌΞΉΞ± Ξ΄Ο‰ΟΞµΞ¬ Ο‡ΟΞ·ΞΌΞ¬Ο„Ο‰Ξ½, Cleaned: ΞΌΟ€ΞΏΟΟ‰ ΞΊΞ±Ξ½Ο‰ Ξ΄Ο‰ΟΞµΞ¬ Ο‡ΟΞ·ΞΌΞ¬Ο„Ο‰Ξ½, Probabilities: [0.14343858 0.12445196 0.56892325 0.16318622], Max Prob: 0.568923245200054, Predicted Intent: Ξ΄Ο‰ΟΞµΞ±_Ο‡ΟΞ·ΞΌΞ¬Ο„Ο‰Ξ½
INFO:root:Input: Ξ Ο‰Ο‚ ΞΌΟ€ΞΏΟΟ‰ Ξ½Ξ± ΞΊΞ±Ξ½Ο‰ ΞΌΞΉΞ± Ξ΄Ο‰ΟΞµΞ¬ Ο‡ΟΞ·ΞΌΞ¬Ο„Ο‰Ξ½, Intent: Ξ΄Ο‰ΟΞµΞ±_Ο‡ΟΞ·ΞΌΞ¬Ο„Ο‰Ξ½, Response: Ξ“ΞΉΞ± Ξ½Ξ± Ξ΄Ο‰ΟΞ―ΟƒΞµΞΉΟ‚ Ο‡ΟΞ®ΞΌΞ±Ο„Ξ±, Ο€Ξ®Ξ³Ξ±ΞΉΞ½Ξµ ΟƒΟ„Ξ·Ξ½ ΞµΞ½ΟΟ„Ξ·Ο„Ξ± 'Ξ”Ο‰ΟΞµΞ­Ο‚' ΞΊΞ±ΞΉ Ξ±ΞΊΞΏΞ»ΞΏΟΞΈΞ·ΟƒΞµ Ο„ΞΉΟ‚ ΞΏΞ΄Ξ·Ξ³Ξ―ΞµΟ‚.
INFO:root:Input: ΞΞ­Ξ»Ο‰ Ξ½Ξ± Ο†Ο„ΞΉΞ±ΞΎΟ‰ ΞΌΞΉΞ± ΞΊΞΏΞΉΞ½Ο‰Ξ½ΞΉΞΊΞ· Ξ΄ΟΞ¬ΟƒΞ·, Ο„ΞΉ Ξ²Ξ·ΞΌΞ±Ο„Ξ± Ξ½Ξ± ΞΊΞ±ΞΏΞ»ΞΏΟ…ΞΈΞ®ΟƒΟ‰, Cleaned: ΞΈΞ­Ξ»Ο‰ Ο†Ο„ΞΉΞ±ΞΎΟ‰ ΞΊΞΏΞΉΞ½Ο‰Ξ½ΞΉΞΊΞΏΟ‚ Ξ΄ΟΞ¬ΟƒΞ· Ξ²Ξ·ΞΌΞ± ΞΊΞ±ΞΏΞ»ΞΏΟ…ΞΈΟ, Probabilities: [0.08974333 0.69236026 0.11303841 0.104858  ], Max Prob: 0.6923602596828332, Predicted Intent: Ξ΄Ξ·ΞΌΞΉΞΏΟ…ΟΞ³Ξ―Ξ±_ΞΊΞΏΞΉΞ½Ο‰Ξ½ΞΉΞΊΞ®Ο‚_Ξ΄ΟΞ¬ΟƒΞ·Ο‚
INFO:root:Input: ΞΞ­Ξ»Ο‰ Ξ½Ξ± Ο†Ο„ΞΉΞ±ΞΎΟ‰ ΞΌΞΉΞ± ΞΊΞΏΞΉΞ½Ο‰Ξ½ΞΉΞΊΞ· Ξ΄ΟΞ¬ΟƒΞ·, Ο„ΞΉ Ξ²Ξ·ΞΌΞ±Ο„Ξ± Ξ½Ξ± ΞΊΞ±ΞΏΞ»ΞΏΟ…ΞΈΞ®ΟƒΟ‰, Intent: Ξ΄Ξ·ΞΌΞΉΞΏΟ…ΟΞ³Ξ―Ξ±_ΞΊΞΏΞΉΞ½Ο‰Ξ½ΞΉΞΊΞ®Ο‚_Ξ΄ΟΞ¬ΟƒΞ·Ο‚, Response: Ξ“ΞΉΞ± Ξ½Ξ± Ξ΄Ξ·ΞΌΞΉΞΏΟ…ΟΞ³Ξ®ΟƒΞµΞΉΟ‚ ΞΌΞΉΞ± ΞΊΞΏΞΉΞ½Ο‰Ξ½ΞΉΞΊΞ® Ξ΄ΟΞ¬ΟƒΞ· ΟƒΟ„Ξ·Ξ½ ΞµΟ†Ξ±ΟΞΌΞΏΞ³Ξ®: 1. Ξ Ξ®Ξ³Ξ±ΞΉΞ½Ξµ ΟƒΟ„Ξ·Ξ½ ΞµΞ½ΟΟ„Ξ·Ο„Ξ± 'Ξ”ΟΞ¬ΟƒΞµΞΉΟ‚'. 2. Ξ Ξ¬Ο„Ξ·ΟƒΞµ 'Ξ”Ξ·ΞΌΞΉΞΏΟ…ΟΞ³Ξ―Ξ± ΞΞ­Ξ±Ο‚ Ξ”ΟΞ¬ΟƒΞ·Ο‚'. 3. Ξ£Ο…ΞΌΟ€Ξ»Ξ®ΟΟ‰ΟƒΞµ Ο„ΞΉΟ‚ Ξ»ΞµΟ€Ο„ΞΏΞΌΞ­ΟΞµΞΉΞµΟ‚ (Ο„Ξ―Ο„Ξ»ΞΏΟ‚, Ο€ΞµΟΞΉΞ³ΟΞ±Ο†Ξ®, Ξ·ΞΌΞµΟΞΏΞΌΞ·Ξ½Ξ―Ξ±, Ο„ΞΏΟ€ΞΏΞΈΞµΟƒΞ―Ξ±).
INFO:root:Input: Ο„ΞΉ ΞΊΞ±ΞΉΟΞΏ ΞΈΞ± Ξ­Ο‡ΞµΞΉ Ξ±ΟΟΞΉΞΏ, Cleaned: ΞΊΞ±ΞΉΟΞΏ, Probabilities: [0.19230769 0.26923077 0.30769231 0.23076923], Max Prob: 0.30769230769230765, Predicted Intent: Ξ΄Ο‰ΟΞµΞ±_Ο‡ΟΞ·ΞΌΞ¬Ο„Ο‰Ξ½
INFO:root:Input: Ο„ΞΉ ΞΊΞ±ΞΉΟΞΏ ΞΈΞ± Ξ­Ο‡ΞµΞΉ Ξ±ΟΟΞΉΞΏ, Intent: Ξ±Ξ³Ξ½Ο‰ΟƒΟ„Ξ·_Ο€ΟΟΞΈΞµΟƒΞ·, Response: Ξ”ΞµΞ½ ΞΊΞ±Ο„Ξ¬Ξ»Ξ±Ξ²Ξ± Ο„Ξ·Ξ½ ΞµΟΟΟ„Ξ·ΟƒΞ® ΟƒΞΏΟ…. Ξ”ΞΏΞΊΞ―ΞΌΞ±ΟƒΞµ: "Ξ³ΞµΞΉΞ± Ο‡Ξ±ΟΞ¬", "Ξ±Ξ½Ο„Ξ―ΞΏ", "Ξ½Ξ­Ξ± Ξ΄ΟΞ¬ΟƒΞ·", "Ξ΄ΟΟƒΟ‰ Ξ»ΞµΟ†Ο„Ξ¬".
INFO:root:Input: Ο„ΞΉ Ο‰ΟΞ± ΞµΞ―Ξ½Ξ±ΞΉ, Cleaned: Ο‰ΟΞ±, Probabilities: [0.19230769 0.26923077 0.30769231 0.23076923], Max Prob: 0.30769230769230765, Predicted Intent: Ξ΄Ο‰ΟΞµΞ±_Ο‡ΟΞ·ΞΌΞ¬Ο„Ο‰Ξ½
INFO:root:Input: Ο„ΞΉ Ο‰ΟΞ± ΞµΞ―Ξ½Ξ±ΞΉ, Intent: Ξ±Ξ³Ξ½Ο‰ΟƒΟ„Ξ·_Ο€ΟΟΞΈΞµΟƒΞ·, Response: Ξ”ΞµΞ½ ΞΊΞ±Ο„Ξ¬Ξ»Ξ±Ξ²Ξ± Ο„Ξ·Ξ½ ΞµΟΟΟ„Ξ·ΟƒΞ® ΟƒΞΏΟ…. Ξ”ΞΏΞΊΞ―ΞΌΞ±ΟƒΞµ: "ΞΊΞ±Ξ»Ξ·ΞΌΞ­ΟΞ±", "Ο†ΞµΟΞ³Ο‰", "Ξ΄Ξ·ΞΌΞΉΞΏΟ…ΟΞ³Ξ―Ξ± Ξ΄ΟΞ¬ΟƒΞ·Ο‚", "Ξ΄Ο‰ΟΞµΞ¬".
INFO:root:Input: Ξ­ΞΎΞΏΞ΄ΞΏΟ‚, Cleaned: Ξ­ΞΎΞΏΞ΄ΞΏΟ‚, Probabilities: [0.19230769 0.26923077 0.30769231 0.23076923], Max Prob: 0.30769230769230765, Predicted Intent: Ξ΄Ο‰ΟΞµΞ±_Ο‡ΟΞ·ΞΌΞ¬Ο„Ο‰Ξ½
INFO:root:Input: Ξ­ΞΎΞΏΞ΄ΞΏΟ‚, Intent: Ξ±Ξ³Ξ½Ο‰ΟƒΟ„Ξ·_Ο€ΟΟΞΈΞµΟƒΞ·, Response: Ξ”ΞµΞ½ ΞΊΞ±Ο„Ξ¬Ξ»Ξ±Ξ²Ξ± Ο„Ξ·Ξ½ ΞµΟΟΟ„Ξ·ΟƒΞ® ΟƒΞΏΟ…. Ξ”ΞΏΞΊΞ―ΞΌΞ±ΟƒΞµ: "Ξ³ΞµΞΉΞ± ΟƒΞΏΟ…", "Ξ±Ξ½Ο„Ξ―ΞΏ", "ΞΏΞ΄Ξ·Ξ³Ξ―ΞµΟ‚ Ξ³ΞΉΞ± ΞΊΞΏΞΉΞ½Ο‰Ξ½ΞΉΞΊΞ® Ξ΄ΟΞ¬ΟƒΞ·", "Ξ΄Ο‰ΟΞµΞ¬".
INFO:root:Input: Ξ¤ΞΉ ΞΌΞ­ΟΞ± ΞµΞ―Ξ½Ξ±ΞΉ, Cleaned: ΞΌΞ­ΟΞ±, Probabilities: [0.19230769 0.26923077 0.30769231 0.23076923], Max Prob: 0.30769230769230765, Predicted Intent: Ξ΄Ο‰ΟΞµΞ±_Ο‡ΟΞ·ΞΌΞ¬Ο„Ο‰Ξ½
INFO:root:Input: Ξ¤ΞΉ ΞΌΞ­ΟΞ± ΞµΞ―Ξ½Ξ±ΞΉ, Intent: Ξ±Ξ³Ξ½Ο‰ΟƒΟ„Ξ·_Ο€ΟΟΞΈΞµΟƒΞ·, Response: Ξ”ΞµΞ½ ΞΊΞ±Ο„Ξ¬Ξ»Ξ±Ξ²Ξ± Ο„Ξ·Ξ½ ΞµΟΟΟ„Ξ·ΟƒΞ® ΟƒΞΏΟ…. Ξ”ΞΏΞΊΞ―ΞΌΞ±ΟƒΞµ: "ΞΊΞ±Ξ»Ξ·ΟƒΟ€Ξ­ΟΞ±", "Ξ±Ξ½Ο„Ξ―ΞΏ", "Ξ΄Ξ·ΞΌΞΉΞΏΟ…ΟΞ³Ξ―Ξ± Ξ΄ΟΞ¬ΟƒΞ·Ο‚", "Ο€ΟΟ‚ Ξ½Ξ± Ξ΄Ο‰ΟΞ®ΟƒΟ‰ Ο‡ΟΞ®ΞΌΞ±Ο„Ξ±".
INFO:root:Input: Ξ΄Ξ·ΞΌΞΉΞΏΟ…ΟΞ³Ξ―Ξ± Ξ΄ΟΞ±ΟƒΞ·Ο‚, Cleaned: Ξ΄Ξ·ΞΌΞΉΞΏΟ…ΟΞ³Ξ―Ξ± Ξ΄ΟΞ±ΟƒΞ·, Probabilities: [0.17754891 0.39136313 0.22363607 0.20745188], Max Prob: 0.3913631302688086, Predicted Intent: Ξ΄Ξ·ΞΌΞΉΞΏΟ…ΟΞ³Ξ―Ξ±_ΞΊΞΏΞΉΞ½Ο‰Ξ½ΞΉΞΊΞ®Ο‚_Ξ΄ΟΞ¬ΟƒΞ·Ο‚
INFO:root:Input: Ξ΄Ξ·ΞΌΞΉΞΏΟ…ΟΞ³Ξ―Ξ± Ξ΄ΟΞ±ΟƒΞ·Ο‚, Intent: Ξ±Ξ³Ξ½Ο‰ΟƒΟ„Ξ·_Ο€ΟΟΞΈΞµΟƒΞ·, Response: Ξ”ΞµΞ½ ΞΊΞ±Ο„Ξ¬Ξ»Ξ±Ξ²Ξ± Ο„Ξ·Ξ½ ΞµΟΟΟ„Ξ·ΟƒΞ® ΟƒΞΏΟ…. Ξ”ΞΏΞΊΞ―ΞΌΞ±ΟƒΞµ: "ΞΊΞ±Ξ»Ξ·ΞΌΞ­ΟΞ±", "Ο„Ξ± Ξ»Ξ­ΞΌΞµ", "Ξ½Ξ­Ξ± Ξ΄ΟΞ¬ΟƒΞ·", "Ξ΄Ο‰ΟΞ―ΟƒΟ‰ Ο‡ΟΞ®ΞΌΞ±Ο„Ξ±".
INFO:root:Input: Ξ΄Ο‰ΟΞ―ΟƒΟ‰ Ο‡ΟΞ®ΞΌΞ±Ο„Ξ±, Cleaned: Ξ΄Ο‰ΟΞ―Ξ¶Ο‰ Ο‡ΟΞ®ΞΌΞ±, Probabilities: [0.11167214 0.09689037 0.6643911  0.12704639], Max Prob: 0.6643910980171177, Predicted Intent: Ξ΄Ο‰ΟΞµΞ±_Ο‡ΟΞ·ΞΌΞ¬Ο„Ο‰Ξ½
INFO:root:Input: Ξ΄Ο‰ΟΞ―ΟƒΟ‰ Ο‡ΟΞ®ΞΌΞ±Ο„Ξ±, Intent: Ξ΄Ο‰ΟΞµΞ±_Ο‡ΟΞ·ΞΌΞ¬Ο„Ο‰Ξ½, Response: Ξ“ΞΉΞ± Ξ½Ξ± Ξ΄Ο‰ΟΞ―ΟƒΞµΞΉΟ‚ Ο‡ΟΞ®ΞΌΞ±Ο„Ξ±, Ο€Ξ®Ξ³Ξ±ΞΉΞ½Ξµ ΟƒΟ„Ξ·Ξ½ ΞµΞ½ΟΟ„Ξ·Ο„Ξ± 'Ξ”Ο‰ΟΞµΞ­Ο‚' ΞΊΞ±ΞΉ Ξ±ΞΊΞΏΞ»ΞΏΟΞΈΞ·ΟƒΞµ Ο„ΞΉΟ‚ ΞΏΞ΄Ξ·Ξ³Ξ―ΞµΟ‚.
INFO:root:Input: Ξ΄Ξ·ΞΌΞΉΞΏΟ…ΟΞ³Ξ―Ξ± Ξ΄ΟΞ¬ΟƒΞ·Ο‚, Cleaned: Ξ΄Ξ·ΞΌΞΉΞΏΟ…ΟΞ³Ξ―Ξ± Ξ΄ΟΞ¬ΟƒΞ·, Probabilities: [0.06546171 0.79515376 0.06491051 0.07447402], Max Prob: 0.7951537607454056, Predicted Intent: Ξ΄Ξ·ΞΌΞΉΞΏΟ…ΟΞ³Ξ―Ξ±_ΞΊΞΏΞΉΞ½Ο‰Ξ½ΞΉΞΊΞ®Ο‚_Ξ΄ΟΞ¬ΟƒΞ·Ο‚
INFO:root:Input: Ξ΄Ξ·ΞΌΞΉΞΏΟ…ΟΞ³Ξ―Ξ± Ξ΄ΟΞ¬ΟƒΞ·Ο‚, Intent: Ξ΄Ξ·ΞΌΞΉΞΏΟ…ΟΞ³Ξ―Ξ±_ΞΊΞΏΞΉΞ½Ο‰Ξ½ΞΉΞΊΞ®Ο‚_Ξ΄ΟΞ¬ΟƒΞ·Ο‚, Response: Ξ“ΞΉΞ± Ξ½Ξ± Ξ΄Ξ·ΞΌΞΉΞΏΟ…ΟΞ³Ξ®ΟƒΞµΞΉΟ‚ ΞΌΞΉΞ± ΞΊΞΏΞΉΞ½Ο‰Ξ½ΞΉΞΊΞ® Ξ΄ΟΞ¬ΟƒΞ· ΟƒΟ„Ξ·Ξ½ ΞµΟ†Ξ±ΟΞΌΞΏΞ³Ξ®: 1. Ξ Ξ®Ξ³Ξ±ΞΉΞ½Ξµ ΟƒΟ„Ξ·Ξ½ ΞµΞ½ΟΟ„Ξ·Ο„Ξ± 'Ξ”ΟΞ¬ΟƒΞµΞΉΟ‚'. 2. Ξ Ξ¬Ο„Ξ·ΟƒΞµ 'Ξ”Ξ·ΞΌΞΉΞΏΟ…ΟΞ³Ξ―Ξ± ΞΞ­Ξ±Ο‚ Ξ”ΟΞ¬ΟƒΞ·Ο‚'. 3. Ξ£Ο…ΞΌΟ€Ξ»Ξ®ΟΟ‰ΟƒΞµ Ο„ΞΉΟ‚ Ξ»ΞµΟ€Ο„ΞΏΞΌΞ­ΟΞµΞΉΞµΟ‚ (Ο„Ξ―Ο„Ξ»ΞΏΟ‚, Ο€ΞµΟΞΉΞ³ΟΞ±Ο†Ξ®, Ξ·ΞΌΞµΟΞΏΞΌΞ·Ξ½Ξ―Ξ±, Ο„ΞΏΟ€ΞΏΞΈΞµΟƒΞ―Ξ±).
